<?xml version="1.0" encoding="UTF-8"?>
<testng-results ignored="0" total="2" passed="2" failed="0" skipped="0">
  <reporter-output>
  </reporter-output>
  <suite started-at="2022-01-18T11:45:41 IST" name="Default suite" finished-at="2022-01-18T11:45:49 IST" duration-ms="7550">
    <groups>
    </groups>
    <test started-at="2022-01-18T11:45:41 IST" name="Default test" finished-at="2022-01-18T11:45:49 IST" duration-ms="7550">
      <class name="finaldemo.LoginTestCase">
        <test-method signature="launch(java.lang.String,java.lang.String)[pri:0, instance:finaldemo.LoginTestCase@e350b40]" started-at="2022-01-18T11:45:41 IST" name="launch" data-provider="getdata" finished-at="2022-01-18T11:45:46 IST" duration-ms="4387" status="PASS">
          <params>
            <param index="0">
              <value>
                <![CDATA[test]]>
              </value>
            </param>
            <param index="1">
              <value>
                <![CDATA[Password123]]>
              </value>
            </param>
          </params>
          <reporter-output>
          </reporter-output>
        </test-method> <!-- launch -->
        <test-method signature="launch(java.lang.String,java.lang.String)[pri:0, instance:finaldemo.LoginTestCase@e350b40]" started-at="2022-01-18T11:45:46 IST" name="launch" data-provider="getdata" finished-at="2022-01-18T11:45:49 IST" duration-ms="3106" status="PASS">
          <params>
            <param index="0">
              <value>
                <![CDATA[test1]]>
              </value>
            </param>
            <param index="1">
              <value>
                <![CDATA[Password456]]>
              </value>
            </param>
          </params>
          <reporter-output>
          </reporter-output>
        </test-method> <!-- launch -->
      </class> <!-- finaldemo.LoginTestCase -->
    </test> <!-- Default test -->
  </suite> <!-- Default suite -->
</testng-results>
